0 info it worked if it ends with ok
1 verbose cli [ '/usr/local/bin/node',
1 verbose cli   '/usr/local/bin/npm',
1 verbose cli   'install',
1 verbose cli   '-g',
1 verbose cli   'n' ]
2 info using npm@2.14.12
3 info using node@v4.2.6
4 verbose install initial load of /usr/local/lib/package.json
5 verbose readDependencies loading dependencies from /usr/local/lib/package.json
6 silly cache add args [ 'n', null ]
7 verbose cache add spec n
8 silly cache add parsed spec Result {
8 silly cache add   raw: 'n',
8 silly cache add   scope: null,
8 silly cache add   name: 'n',
8 silly cache add   rawSpec: '',
8 silly cache add   spec: 'latest',
8 silly cache add   type: 'tag' }
9 silly addNamed n@latest
10 verbose addNamed "latest" is being treated as a dist-tag for n
11 info addNameTag [ 'n', 'latest' ]
12 silly mapToRegistry name n
13 silly mapToRegistry using default registry
14 silly mapToRegistry registry https://registry.npmjs.org/
15 silly mapToRegistry uri https://registry.npmjs.org/n
16 verbose addNameTag registry:https://registry.npmjs.org/n not in flight; fetching
17 verbose request uri https://registry.npmjs.org/n
18 verbose request no auth needed
19 info attempt registry request try #1 at 11:39:17 AM
20 verbose request id c48b4c645e2d2744
21 http request GET https://registry.npmjs.org/n
22 http 200 https://registry.npmjs.org/n
23 verbose headers { server: 'CouchDB/1.5.0 (Erlang OTP/R16B03)',
23 verbose headers   etag: '"1907I3F0DN6IQP91EEO7NT5RN"',
23 verbose headers   'content-type': 'application/json',
23 verbose headers   'cache-control': 'max-age=300',
23 verbose headers   'content-length': '55847',
23 verbose headers   'accept-ranges': 'bytes',
23 verbose headers   date: 'Sat, 06 Feb 2016 16:39:18 GMT',
23 verbose headers   via: '1.1 varnish',
23 verbose headers   age: '0',
23 verbose headers   connection: 'keep-alive',
23 verbose headers   'x-served-by': 'cache-atl6243-ATL',
23 verbose headers   'x-cache': 'HIT',
23 verbose headers   'x-cache-hits': '1',
23 verbose headers   'x-timer': 'S1454776758.126475,VS0,VE99',
23 verbose headers   vary: 'Accept' }
24 silly get cb [ 200,
24 silly get   { server: 'CouchDB/1.5.0 (Erlang OTP/R16B03)',
24 silly get     etag: '"1907I3F0DN6IQP91EEO7NT5RN"',
24 silly get     'content-type': 'application/json',
24 silly get     'cache-control': 'max-age=300',
24 silly get     'content-length': '55847',
24 silly get     'accept-ranges': 'bytes',
24 silly get     date: 'Sat, 06 Feb 2016 16:39:18 GMT',
24 silly get     via: '1.1 varnish',
24 silly get     age: '0',
24 silly get     connection: 'keep-alive',
24 silly get     'x-served-by': 'cache-atl6243-ATL',
24 silly get     'x-cache': 'HIT',
24 silly get     'x-cache-hits': '1',
24 silly get     'x-timer': 'S1454776758.126475,VS0,VE99',
24 silly get     vary: 'Accept' } ]
25 verbose get saving n to /Users/alexyeh/.npm/registry.npmjs.org/n/.cache.json
26 silly addNameTag next cb for n with tag latest
27 silly addNamed n@2.1.0
28 verbose addNamed "2.1.0" is a plain semver version for n
29 silly mapToRegistry name n
30 silly mapToRegistry using default registry
31 silly mapToRegistry registry https://registry.npmjs.org/
32 silly mapToRegistry uri https://registry.npmjs.org/n
33 verbose addRemoteTarball https://registry.npmjs.org/n/-/n-2.1.0.tgz not in flight; adding
34 verbose addRemoteTarball [ 'https://registry.npmjs.org/n/-/n-2.1.0.tgz',
34 verbose addRemoteTarball   '4fc736dc18291e464c79fda9ef8faf21e6e1a679' ]
35 info retry fetch attempt 1 at 11:39:18 AM
36 info attempt registry request try #1 at 11:39:18 AM
37 http fetch GET https://registry.npmjs.org/n/-/n-2.1.0.tgz
38 http fetch 200 https://registry.npmjs.org/n/-/n-2.1.0.tgz
39 silly fetchAndShaCheck shasum 4fc736dc18291e464c79fda9ef8faf21e6e1a679
40 verbose addTmpTarball /var/folders/rz/9xhww1tn437cf2kk7hwmgl8r0000gp/T/npm-10740-f2e67b37/registry.npmjs.org/n/-/n-2.1.0.tgz not in flight; adding
41 verbose addTmpTarball already have metadata; skipping unpack for n@2.1.0
42 silly cache afterAdd n@2.1.0
43 verbose afterAdd /Users/alexyeh/.npm/n/2.1.0/package/package.json not in flight; writing
44 verbose afterAdd /Users/alexyeh/.npm/n/2.1.0/package/package.json written
45 silly install resolved [ { name: 'n',
45 silly install resolved     description: 'Interactively Manage All Your Node Versions',
45 silly install resolved     version: '2.1.0',
45 silly install resolved     author: { name: 'TJ Holowaychuk', email: 'tj@vision-media.ca' },
45 silly install resolved     homepage: 'https://github.com/tj/n',
45 silly install resolved     bugs: { url: 'https://github.com/tj/n/issues' },
45 silly install resolved     contributors: [ [Object], [Object], [Object] ],
45 silly install resolved     keywords:
45 silly install resolved      [ 'nvm',
45 silly install resolved        'node',
45 silly install resolved        'version',
45 silly install resolved        'manager',
45 silly install resolved        'switcher',
45 silly install resolved        'node',
45 silly install resolved        'binary',
45 silly install resolved        'env' ],
45 silly install resolved     bin: { n: './bin/n' },
45 silly install resolved     repository: { type: 'git', url: 'git://github.com/tj/n.git' },
45 silly install resolved     preferGlobal: true,
45 silly install resolved     os: [ '!win32' ],
45 silly install resolved     engines: { node: '*' },
45 silly install resolved     license: 'MIT',
45 silly install resolved     gitHead: '17ef0bf936c9ddb57b174d79f81ae04d8257883e',
45 silly install resolved     _id: 'n@2.1.0',
45 silly install resolved     scripts: {},
45 silly install resolved     _shasum: '4fc736dc18291e464c79fda9ef8faf21e6e1a679',
45 silly install resolved     _from: 'n@latest',
45 silly install resolved     _npmVersion: '3.3.12',
45 silly install resolved     _nodeVersion: '5.3.0',
45 silly install resolved     _npmUser: { name: 'qw3rtman', email: 'me@nimit.io' },
45 silly install resolved     dist:
45 silly install resolved      { shasum: '4fc736dc18291e464c79fda9ef8faf21e6e1a679',
45 silly install resolved        tarball: 'http://registry.npmjs.org/n/-/n-2.1.0.tgz' },
45 silly install resolved     maintainers: [ [Object], [Object], [Object], [Object], [Object], [Object] ],
45 silly install resolved     directories: {},
45 silly install resolved     _resolved: 'https://registry.npmjs.org/n/-/n-2.1.0.tgz' } ]
46 info install n@2.1.0 into /usr/local/lib
47 info installOne n@2.1.0
48 verbose installOne of n to /usr/local/lib not in flight; installing
49 verbose makeDirectory /Users/alexyeh/.npm/_locks creation not in flight; initializing
50 silly makeDirectory /Users/alexyeh/.npm/_locks uid: 502 gid: 20
51 verbose lock using /Users/alexyeh/.npm/_locks/n-a01478239d85533e.lock for /usr/local/lib/node_modules/n
52 silly install write writing n 2.1.0 to /usr/local/lib/node_modules/n
53 verbose unbuild lib/node_modules/n
54 silly gentlyRm /usr/local/lib/node_modules/n is being purged from base /usr/local
55 verbose gentlyRm don't care about contents; nuking /usr/local/lib/node_modules/n
56 verbose tar unpack /Users/alexyeh/.npm/n/2.1.0/package.tgz
57 verbose tar unpacking to /usr/local/lib/node_modules/n
58 silly gentlyRm /usr/local/lib/node_modules/n is being purged
59 verbose gentlyRm don't care about contents; nuking /usr/local/lib/node_modules/n
60 silly gunzTarPerm modes [ '755', '644' ]
61 error tar.unpack untar error /Users/alexyeh/.npm/n/2.1.0/package.tgz
62 verbose unlock done using /Users/alexyeh/.npm/_locks/n-a01478239d85533e.lock for /usr/local/lib/node_modules/n
63 verbose fstream_path /usr/local/lib/node_modules/n
64 verbose fstream_type Directory
65 verbose fstream_class DirWriter
66 verbose stack Error: EACCES: permission denied, mkdir '/usr/local/lib/node_modules/n'
66 verbose stack     at Error (native)
67 verbose fstream_stack /usr/local/lib/node_modules/npm/node_modules/fstream/lib/dir-writer.js:35:25
67 verbose fstream_stack /usr/local/lib/node_modules/npm/node_modules/mkdirp/index.js:47:53
67 verbose fstream_stack FSReqWrap.oncomplete (fs.js:82:15)
68 verbose cwd /Users/alexyeh/Desktop/GitHub Repositories/ChatBot
69 error Darwin 14.0.0
70 error argv "/usr/local/bin/node" "/usr/local/bin/npm" "install" "-g" "n"
71 error node v4.2.6
72 error npm  v2.14.12
73 error path /usr/local/lib/node_modules/n
74 error code EACCES
75 error errno -13
76 error syscall mkdir
77 error Error: EACCES: permission denied, mkdir '/usr/local/lib/node_modules/n'
77 error     at Error (native)
77 error  { [Error: EACCES: permission denied, mkdir '/usr/local/lib/node_modules/n']
77 error   errno: -13,
77 error   code: 'EACCES',
77 error   syscall: 'mkdir',
77 error   path: '/usr/local/lib/node_modules/n',
77 error   fstream_type: 'Directory',
77 error   fstream_path: '/usr/local/lib/node_modules/n',
77 error   fstream_class: 'DirWriter',
77 error   fstream_stack:
77 error    [ '/usr/local/lib/node_modules/npm/node_modules/fstream/lib/dir-writer.js:35:25',
77 error      '/usr/local/lib/node_modules/npm/node_modules/mkdirp/index.js:47:53',
77 error      'FSReqWrap.oncomplete (fs.js:82:15)' ] }
78 error Please try running this command again as root/Administrator.
79 verbose exit [ -13, true ]
80 verbose unbuild lib/node_modules/n
81 silly gentlyRm /usr/local/lib/node_modules/n is being purged from base /usr/local
82 verbose gentlyRm don't care about contents; nuking /usr/local/lib/node_modules/n
